<?xml version="1.0" encoding="UTF-8"?>
<!-- Generated by org.testng.reporters.JUnitReportReporter -->
<testsuite skipped="0" hostname="ramakomali" name="testscripts.NewTest" tests="1" failures="0" timestamp="08 Jan 2018 17:45:48 GMT" time="13.275" errors="0">
  <testcase name="bookTicket" time="13.275" classname="testscripts.NewTest"/>
</testsuite> <!-- testscripts.NewTest -->
